[2026-01-04 22:23:35] [RECOVER] start pkg=com.zamdepzai.clienv
[2026-01-04 22:23:35] [RECOVER] am force-stop com.zamdepzai.clienv
[2026-01-04 22:23:35] [RECOVER] pkill (optional) com.zamdepzai.clienv
[2026-01-04 22:29:02] [RECOVER] start pkg=com.zamdepzai.clienv
[2026-01-04 22:29:02] [RECOVER] am force-stop com.zamdepzai.clienv
[2026-01-04 22:29:04] [OK] stopped
[2026-01-04 22:29:04] [RECOVER] launch via monkey
[2026-01-04 22:29:09] [OK] relaunched pid=3948
[2026-01-04 22:35:43] [RECOVER] start pkg=com.zamdepzai.clienv
[2026-01-04 22:35:43] [RECOVER] am force-stop com.zamdepzai.clienv
[2026-01-04 22:35:45] [OK] stopped
[2026-01-04 22:35:45] [RECOVER] launch via monkey
[2026-01-04 22:35:50] [OK] relaunched pid=13175
[2026-01-04 22:44:37] [RECOVER] start pkg=com.zamdepzai.clienv
[2026-01-04 22:44:37] [RECOVER] am force-stop com.zamdepzai.clienv
[2026-01-04 22:44:39] [OK] stopped
[2026-01-04 22:44:39] [RECOVER] launch via monkey
[2026-01-04 22:44:43] [OK] relaunched pid=25532
[2026-01-04 23:02:10] [RECOVER] start pkg=com.zamdepzai.clienv
[2026-01-04 23:02:10] [RECOVER] am force-stop com.zamdepzai.clienv
[2026-01-04 23:02:13] [OK] stopped
[2026-01-04 23:02:13] [RECOVER] launch via monkey
[2026-01-04 23:02:18] [OK] relaunched pid=48636
[2026-01-04 23:28:14] [RECOVER] start pkg=com.zamdepzai.clienv
[2026-01-04 23:28:14] [RECOVER] am force-stop com.zamdepzai.clienv
[2026-01-04 23:28:16] [OK] stopped
[2026-01-04 23:28:16] [RECOVER] launch via monkey
[2026-01-04 23:28:20] [OK] relaunched pid=21354
[2026-01-04 23:28:30] [RECOVER] start pkg=com.zamdepzai.clienv
[2026-01-04 23:28:30] [RECOVER] am force-stop com.zamdepzai.clienv
[2026-01-04 23:28:32] [OK] stopped
[2026-01-04 23:28:32] [RECOVER] launch via monkey
[2026-01-04 23:28:37] [OK] relaunched pid=21775
[2026-01-04 23:28:42] [RECOVER] start pkg=com.zamdepzai.clienv
[2026-01-04 23:28:42] [RECOVER] am force-stop com.zamdepzai.clienv
[2026-01-04 23:28:44] [OK] stopped
[2026-01-04 23:28:44] [RECOVER] launch via monkey
[2026-01-04 23:28:48] [ERR] relaunch failed (no pid)
[2026-01-04 23:29:42] [RECOVER] start pkg=com.zamdepzai.clienv
[2026-01-04 23:29:42] [RECOVER] am force-stop com.zamdepzai.clienv
[2026-01-04 23:29:44] [OK] stopped
[2026-01-04 23:29:44] [RECOVER] launch via monkey
[2026-01-04 23:29:49] [OK] relaunched pid=34871
[2026-01-04 23:29:54] [RECOVER] start pkg=com.zamdepzai.clienv
[2026-01-04 23:29:54] [RECOVER] am force-stop com.zamdepzai.clienv
[2026-01-04 23:29:56] [OK] stopped
[2026-01-04 23:29:56] [RECOVER] launch via monkey
[2026-01-04 23:30:00] [OK] relaunched pid=37880
